<?xml version="1.0" encoding="UTF-8" ?>
<testsuite tests="2" failures="0" name="jd.server.util.PathUtilsTest" time="0.085" errors="0" skipped="0">
  <properties>
    <property name="idea.version" value="2018.3.2"/>
    <property name="java.runtime.name" value="Java(TM) SE Runtime Environment"/>
    <property name="sun.boot.library.path" value="D:\app\IT\jdk8\jre\bin"/>
    <property name="java.vm.version" value="25.162-b12"/>
    <property name="java.vm.vendor" value="Oracle Corporation"/>
    <property name="maven.multiModuleProjectDirectory" value="D:\work\java\diy\jd-server"/>
    <property name="java.vendor.url" value="http://java.oracle.com/"/>
    <property name="path.separator" value=";"/>
    <property name="guice.disable.misplaced.annotation.check" value="true"/>
    <property name="java.vm.name" value="Java HotSpot(TM) 64-Bit Server VM"/>
    <property name="file.encoding.pkg" value="sun.io"/>
    <property name="user.script" value=""/>
    <property name="user.country" value="CN"/>
    <property name="sun.java.launcher" value="SUN_STANDARD"/>
    <property name="sun.os.patch.level" value=""/>
    <property name="java.vm.specification.name" value="Java Virtual Machine Specification"/>
    <property name="user.dir" value="D:\work\java\diy\jd-server"/>
    <property name="java.runtime.version" value="1.8.0_162-b12"/>
    <property name="java.awt.graphicsenv" value="sun.awt.Win32GraphicsEnvironment"/>
    <property name="java.endorsed.dirs" value="D:\app\IT\jdk8\jre\lib\endorsed"/>
    <property name="os.arch" value="amd64"/>
    <property name="java.io.tmpdir" value="F:\doc\tmp\"/>
    <property name="line.separator" value="
"/>
    <property name="java.vm.specification.vendor" value="Oracle Corporation"/>
    <property name="user.variant" value=""/>
    <property name="os.name" value="Windows 10"/>
    <property name="classworlds.conf" value="D:\app\IT\IDEA-2018.3.2\plugins\maven\lib\maven3\bin\m2.conf"/>
    <property name="sun.jnu.encoding" value="GBK"/>
    <property name="java.library.path" value="D:\app\IT\jdk8\bin;C:\WINDOWS\Sun\Java\bin;C:\WINDOWS\system32;C:\WINDOWS;.;C:\WINDOWS;C:\WINDOWS\system32;C:\WINDOWS\System32\Wbem;C:\WINDOWS\System32\WindowsPowerShell\v1.0\;C:\WINDOWS\System32\OpenSSH\;d:\app\IT\jdk8\bin;f:\app\IT\hadoop-3.0.2\bin;f:\app\IT\hadoop-3.0.2\sbin;f:\app\IT\zookeeper-3.4.12\bin;f:\app\IT\zookeeper-3.4.12\conf;C:\oraclexe\app\oracle\product\11.2.0\server\bin\;C:\Program Files\MongoDB\Server\4.0\bin;C:\Program Files\Git\cmd;C:\Program Files (x86)\Windows Kits\8.1\Windows Performance Toolkit\;C:\Program Files (x86)\NVIDIA Corporation\PhysX\Common;C:\Program Files\MySQL\MySQL Utilities 1.6\;D:\app\sys\sysinternals;D:\app\it\nodejs;D:\app\IT\git\bin;D:\app\IT\MinGW\bin;D:\app\IT\MinGW\msys\1.0\bin;D:\app\IT\cygwin64\bin;D:\app\IT\CLion 2017.3.4\bin\cmake\bin;D:\app\IT\redis;D:\app\IT\java-tools;D:\app\IT\java-tools\dex2jar-2.0;D:\app\work\TortoiseSVN\bin;F:\app\it\apache-maven-3.6.1\bin;F:\app\IT\gradle-5.1\bin;F:\app\it\anaconda3;F:\app\it\anaconda3\Scripts;F:\app\IT\Graphviz2.38\bin;F:\app\it\qiniu\shell;F:\app\it\apache-activemq-5.9.1\bin;F:\app\work\WinSCP\;F:\app\it\Go\bin;F:\app\it\RabbitMQ Server\rabbitmq_server-3.7.11\sbin;F:\app\file\LibreOffice\program;C:\Users\jdmw\AppData\Local\Microsoft\WindowsApps;C:\Users\jdmw\AppData\Roaming\npm;;D:\app\IT\Python37;D:\app\IT\Python37\Scripts;C:\Users\jdmw\go\bin;d:\app\it\VSCode\bin;F:\app\web\Fiddler;."/>
    <property name="java.specification.name" value="Java Platform API Specification"/>
    <property name="java.class.version" value="52.0"/>
    <property name="sun.management.compiler" value="HotSpot 64-Bit Tiered Compilers"/>
    <property name="os.version" value="10.0"/>
    <property name="user.home" value="C:\Users\jdmw"/>
    <property name="user.timezone" value="Asia/Shanghai"/>
    <property name="java.awt.printerjob" value="sun.awt.windows.WPrinterJob"/>
    <property name="java.specification.version" value="1.8"/>
    <property name="file.encoding" value="UTF-8"/>
    <property name="user.name" value="jdmw"/>
    <property name="java.class.path" value="D:\app\IT\IDEA-2018.3.2\plugins\maven\lib\maven3\boot\plexus-classworlds-2.5.2.jar;D:\app\IT\IDEA-2018.3.2\lib\idea_rt.jar"/>
    <property name="java.vm.specification.version" value="1.8"/>
    <property name="sun.arch.data.model" value="64"/>
    <property name="java.home" value="D:\app\IT\jdk8\jre"/>
    <property name="sun.java.command" value="org.codehaus.classworlds.Launcher -Didea.version=2018.3.2 package"/>
    <property name="java.specification.vendor" value="Oracle Corporation"/>
    <property name="user.language" value="zh"/>
    <property name="awt.toolkit" value="sun.awt.windows.WToolkit"/>
    <property name="java.vm.info" value="mixed mode"/>
    <property name="java.version" value="1.8.0_162"/>
    <property name="java.ext.dirs" value="D:\app\IT\jdk8\jre\lib\ext;C:\WINDOWS\Sun\Java\lib\ext"/>
    <property name="sun.boot.class.path" value="D:\app\IT\jdk8\jre\lib\resources.jar;D:\app\IT\jdk8\jre\lib\rt.jar;D:\app\IT\jdk8\jre\lib\sunrsasign.jar;D:\app\IT\jdk8\jre\lib\jsse.jar;D:\app\IT\jdk8\jre\lib\jce.jar;D:\app\IT\jdk8\jre\lib\charsets.jar;D:\app\IT\jdk8\jre\lib\jfr.jar;D:\app\IT\jdk8\jre\classes"/>
    <property name="java.vendor" value="Oracle Corporation"/>
    <property name="maven.home" value="D:\app\IT\IDEA-2018.3.2\plugins\maven\lib\maven3"/>
    <property name="file.separator" value="\"/>
    <property name="java.vendor.url.bug" value="http://bugreport.sun.com/bugreport/"/>
    <property name="sun.cpu.endian" value="little"/>
    <property name="sun.io.unicode.encoding" value="UnicodeLittle"/>
    <property name="sun.desktop" value="windows"/>
    <property name="sun.cpu.isalist" value="amd64"/>
  </properties>
  <testcase classname="jd.server.util.PathUtilsTest" name="test_longgerAheadPathComparator" time="0.084"/>
  <testcase classname="jd.server.util.PathUtilsTest" name="testNormalize" time="0.001"/>
</testsuite>